mode: set
github.com/lodestar-cli/lodestar/internal/common/environment/environmentState.go:9.68,12.25 2 1
github.com/lodestar-cli/lodestar/internal/common/environment/environmentState.go:24.2,24.15 1 1
github.com/lodestar-cli/lodestar/internal/common/environment/environmentState.go:12.25,14.9 2 1
github.com/lodestar-cli/lodestar/internal/common/environment/environmentState.go:14.9,15.16 1 1
github.com/lodestar-cli/lodestar/internal/common/environment/environmentState.go:15.16,18.5 2 1
github.com/lodestar-cli/lodestar/internal/common/environment/environmentState.go:19.9,21.4 1 0
github.com/lodestar-cli/lodestar/internal/cli/home/home.go:9.66,11.16 2 1
github.com/lodestar-cli/lodestar/internal/cli/home/home.go:14.2,16.31 2 1
github.com/lodestar-cli/lodestar/internal/cli/home/home.go:11.16,13.3 1 0
github.com/lodestar-cli/lodestar/internal/cli/home/home.go:19.71,22.16 3 0
github.com/lodestar-cli/lodestar/internal/cli/home/home.go:25.2,28.16 3 0
github.com/lodestar-cli/lodestar/internal/cli/home/home.go:31.2,31.26 1 0
github.com/lodestar-cli/lodestar/internal/cli/home/home.go:38.2,38.23 1 0
github.com/lodestar-cli/lodestar/internal/cli/home/home.go:22.16,24.3 1 0
github.com/lodestar-cli/lodestar/internal/cli/home/home.go:28.16,30.3 1 0
github.com/lodestar-cli/lodestar/internal/cli/home/home.go:31.26,32.42 1 0
github.com/lodestar-cli/lodestar/internal/cli/home/home.go:32.42,35.4 2 0
github.com/lodestar-cli/lodestar/internal/cli/home/home.go:41.58,44.16 2 1
github.com/lodestar-cli/lodestar/internal/cli/home/home.go:48.2,48.21 1 1
github.com/lodestar-cli/lodestar/internal/cli/home/home.go:44.16,46.3 1 0
github.com/lodestar-cli/lodestar/internal/cli/home/home.go:51.39,53.16 2 1
github.com/lodestar-cli/lodestar/internal/cli/home/home.go:56.2,56.25 1 1
github.com/lodestar-cli/lodestar/internal/cli/home/home.go:53.16,55.3 1 0
github.com/lodestar-cli/lodestar/internal/cli/home/reader.go:17.64,19.15 2 0
github.com/lodestar-cli/lodestar/internal/cli/home/reader.go:23.2,23.19 1 0
github.com/lodestar-cli/lodestar/internal/cli/home/reader.go:19.15,21.3 1 0
github.com/lodestar-cli/lodestar/internal/cli/home/reader.go:26.55,28.16 2 0
github.com/lodestar-cli/lodestar/internal/cli/home/reader.go:32.2,32.21 1 0
github.com/lodestar-cli/lodestar/internal/cli/home/reader.go:28.16,30.3 1 0
github.com/lodestar-cli/lodestar/internal/common/auth/sshKeyCredentials.go:18.87,21.25 2 0
github.com/lodestar-cli/lodestar/internal/common/auth/sshKeyCredentials.go:28.2,33.26 2 0
github.com/lodestar-cli/lodestar/internal/common/auth/sshKeyCredentials.go:21.25,23.17 2 0
github.com/lodestar-cli/lodestar/internal/common/auth/sshKeyCredentials.go:23.17,25.4 1 0
github.com/lodestar-cli/lodestar/internal/common/auth/sshKeyCredentials.go:36.79,48.2 3 0
github.com/lodestar-cli/lodestar/internal/common/auth/sshKeyCredentials.go:50.75,53.25 2 0
github.com/lodestar-cli/lodestar/internal/common/auth/sshKeyCredentials.go:60.2,65.25 2 0
github.com/lodestar-cli/lodestar/internal/common/auth/sshKeyCredentials.go:53.25,55.17 2 0
github.com/lodestar-cli/lodestar/internal/common/auth/sshKeyCredentials.go:55.17,57.4 1 0
github.com/lodestar-cli/lodestar/internal/common/auth/sshKeyCredentials.go:68.75,71.16 3 0
github.com/lodestar-cli/lodestar/internal/common/auth/sshKeyCredentials.go:75.2,75.18 1 0
github.com/lodestar-cli/lodestar/internal/common/auth/sshKeyCredentials.go:71.16,73.3 1 0
github.com/lodestar-cli/lodestar/internal/common/auth/tokenCredentials.go:15.86,28.2 3 1
github.com/lodestar-cli/lodestar/internal/common/auth/tokenCredentials.go:30.78,42.2 3 1
github.com/lodestar-cli/lodestar/internal/common/auth/tokenCredentials.go:44.74,57.2 3 1
github.com/lodestar-cli/lodestar/internal/common/remote/appStateFile.go:26.103,28.16 2 0
github.com/lodestar-cli/lodestar/internal/common/remote/appStateFile.go:31.2,35.16 3 0
github.com/lodestar-cli/lodestar/internal/common/remote/appStateFile.go:39.2,40.16 2 0
github.com/lodestar-cli/lodestar/internal/common/remote/appStateFile.go:44.2,52.16 3 0
github.com/lodestar-cli/lodestar/internal/common/remote/appStateFile.go:56.2,56.16 1 0
github.com/lodestar-cli/lodestar/internal/common/remote/appStateFile.go:28.16,30.3 1 0
github.com/lodestar-cli/lodestar/internal/common/remote/appStateFile.go:35.16,37.3 1 0
github.com/lodestar-cli/lodestar/internal/common/remote/appStateFile.go:40.16,42.3 1 0
github.com/lodestar-cli/lodestar/internal/common/remote/appStateFile.go:52.16,54.3 1 0
github.com/lodestar-cli/lodestar/internal/common/remote/appStateFile.go:61.32,63.2 1 0
github.com/lodestar-cli/lodestar/internal/common/remote/appStateFile.go:65.39,67.16 2 0
github.com/lodestar-cli/lodestar/internal/common/remote/appStateFile.go:71.2,71.12 1 0
github.com/lodestar-cli/lodestar/internal/common/remote/appStateFile.go:67.16,69.3 1 0
github.com/lodestar-cli/lodestar/internal/common/remote/appStateFile.go:74.50,76.2 1 1
github.com/lodestar-cli/lodestar/internal/common/remote/appStateFile.go:78.48,80.2 1 1
github.com/lodestar-cli/lodestar/internal/common/remote/appStateFile.go:84.102,85.44 1 1
github.com/lodestar-cli/lodestar/internal/common/remote/appStateFile.go:95.2,95.64 1 1
github.com/lodestar-cli/lodestar/internal/common/remote/appStateFile.go:85.44,86.20 1 1
github.com/lodestar-cli/lodestar/internal/common/remote/appStateFile.go:86.20,88.14 2 1
github.com/lodestar-cli/lodestar/internal/common/remote/appStateFile.go:88.14,90.5 1 1
github.com/lodestar-cli/lodestar/internal/common/remote/appStateFile.go:90.10,92.5 1 1
github.com/lodestar-cli/lodestar/internal/common/remote/appStateFile.go:98.43,108.16 4 1
github.com/lodestar-cli/lodestar/internal/common/remote/appStateFile.go:112.2,115.12 3 1
github.com/lodestar-cli/lodestar/internal/common/remote/appStateFile.go:108.16,110.3 1 0
github.com/lodestar-cli/lodestar/internal/common/remote/appStateFile.go:118.55,121.16 3 0
github.com/lodestar-cli/lodestar/internal/common/remote/appStateFile.go:125.2,128.12 3 0
github.com/lodestar-cli/lodestar/internal/common/remote/appStateFile.go:121.16,123.3 1 0
github.com/lodestar-cli/lodestar/internal/common/remote/managementFile.go:18.111,21.16 2 0
github.com/lodestar-cli/lodestar/internal/common/remote/managementFile.go:24.2,28.16 3 0
github.com/lodestar-cli/lodestar/internal/common/remote/managementFile.go:33.2,34.16 2 0
github.com/lodestar-cli/lodestar/internal/common/remote/managementFile.go:38.2,45.16 2 0
github.com/lodestar-cli/lodestar/internal/common/remote/managementFile.go:21.16,23.3 1 0
github.com/lodestar-cli/lodestar/internal/common/remote/managementFile.go:28.16,30.3 1 0
github.com/lodestar-cli/lodestar/internal/common/remote/managementFile.go:34.16,36.3 1 0
github.com/lodestar-cli/lodestar/internal/common/remote/managementFile.go:48.34,50.2 1 0
github.com/lodestar-cli/lodestar/internal/common/remote/managementFile.go:52.41,54.16 2 0
github.com/lodestar-cli/lodestar/internal/common/remote/managementFile.go:58.2,58.12 1 0
github.com/lodestar-cli/lodestar/internal/common/remote/managementFile.go:54.16,56.3 1 0
github.com/lodestar-cli/lodestar/internal/common/remote/managementFile.go:61.52,63.2 1 1
github.com/lodestar-cli/lodestar/internal/common/remote/managementFile.go:65.50,67.2 1 1
github.com/lodestar-cli/lodestar/internal/common/remote/managementFile.go:69.86,74.29 4 1
github.com/lodestar-cli/lodestar/internal/common/remote/managementFile.go:110.2,110.13 1 1
github.com/lodestar-cli/lodestar/internal/common/remote/managementFile.go:116.2,116.21 1 1
github.com/lodestar-cli/lodestar/internal/common/remote/managementFile.go:74.29,75.17 1 1
github.com/lodestar-cli/lodestar/internal/common/remote/managementFile.go:78.3,78.29 1 1
github.com/lodestar-cli/lodestar/internal/common/remote/managementFile.go:105.3,105.36 1 1
github.com/lodestar-cli/lodestar/internal/common/remote/managementFile.go:75.17,76.12 1 1
github.com/lodestar-cli/lodestar/internal/common/remote/managementFile.go:78.29,79.33 1 1
github.com/lodestar-cli/lodestar/internal/common/remote/managementFile.go:79.33,81.27 2 1
github.com/lodestar-cli/lodestar/internal/common/remote/managementFile.go:81.27,82.17 1 1
github.com/lodestar-cli/lodestar/internal/common/remote/managementFile.go:85.6,85.27 1 1
github.com/lodestar-cli/lodestar/internal/common/remote/managementFile.go:82.17,83.15 1 1
github.com/lodestar-cli/lodestar/internal/common/remote/managementFile.go:85.27,88.35 3 1
github.com/lodestar-cli/lodestar/internal/common/remote/managementFile.go:91.7,91.32 1 1
github.com/lodestar-cli/lodestar/internal/common/remote/managementFile.go:94.7,94.18 1 1
github.com/lodestar-cli/lodestar/internal/common/remote/managementFile.go:88.35,90.8 1 1
github.com/lodestar-cli/lodestar/internal/common/remote/managementFile.go:91.32,93.8 1 1
github.com/lodestar-cli/lodestar/internal/common/remote/managementFile.go:94.18,100.8 5 1
github.com/lodestar-cli/lodestar/internal/common/remote/managementFile.go:105.36,106.9 1 1
github.com/lodestar-cli/lodestar/internal/common/remote/managementFile.go:110.13,114.3 3 1
github.com/lodestar-cli/lodestar/internal/common/remote/managementFile.go:119.81,123.29 3 1
github.com/lodestar-cli/lodestar/internal/common/remote/managementFile.go:146.2,146.30 1 1
github.com/lodestar-cli/lodestar/internal/common/remote/managementFile.go:150.2,150.20 1 1
github.com/lodestar-cli/lodestar/internal/common/remote/managementFile.go:123.29,124.17 1 1
github.com/lodestar-cli/lodestar/internal/common/remote/managementFile.go:127.3,127.26 1 1
github.com/lodestar-cli/lodestar/internal/common/remote/managementFile.go:124.17,125.12 1 1
github.com/lodestar-cli/lodestar/internal/common/remote/managementFile.go:127.26,128.33 1 1
github.com/lodestar-cli/lodestar/internal/common/remote/managementFile.go:128.33,130.27 2 1
github.com/lodestar-cli/lodestar/internal/common/remote/managementFile.go:130.27,131.17 1 1
github.com/lodestar-cli/lodestar/internal/common/remote/managementFile.go:134.6,134.27 1 1
github.com/lodestar-cli/lodestar/internal/common/remote/managementFile.go:131.17,132.15 1 1
github.com/lodestar-cli/lodestar/internal/common/remote/managementFile.go:134.27,136.31 2 1
github.com/lodestar-cli/lodestar/internal/common/remote/managementFile.go:139.7,139.20 1 1
github.com/lodestar-cli/lodestar/internal/common/remote/managementFile.go:136.31,138.8 1 1
github.com/lodestar-cli/lodestar/internal/common/remote/managementFile.go:146.30,148.3 1 1
github.com/lodestar-cli/lodestar/internal/common/remote/repository.go:23.102,24.14 1 1
github.com/lodestar-cli/lodestar/internal/common/remote/repository.go:32.2,42.16 3 1
github.com/lodestar-cli/lodestar/internal/common/remote/repository.go:45.2,46.16 2 1
github.com/lodestar-cli/lodestar/internal/common/remote/repository.go:50.2,50.16 1 1
github.com/lodestar-cli/lodestar/internal/common/remote/repository.go:24.14,26.3 1 1
github.com/lodestar-cli/lodestar/internal/common/remote/repository.go:26.8,26.46 1 1
github.com/lodestar-cli/lodestar/internal/common/remote/repository.go:26.46,27.40 1 1
github.com/lodestar-cli/lodestar/internal/common/remote/repository.go:27.40,29.4 1 1
github.com/lodestar-cli/lodestar/internal/common/remote/repository.go:42.16,44.3 1 1
github.com/lodestar-cli/lodestar/internal/common/remote/repository.go:46.16,48.3 1 0
github.com/lodestar-cli/lodestar/internal/common/remote/repository.go:53.100,55.36 1 0
github.com/lodestar-cli/lodestar/internal/common/remote/repository.go:101.2,102.16 2 0
github.com/lodestar-cli/lodestar/internal/common/remote/repository.go:105.2,106.16 2 0
github.com/lodestar-cli/lodestar/internal/common/remote/repository.go:110.2,110.12 1 0
github.com/lodestar-cli/lodestar/internal/common/remote/repository.go:55.36,57.27 1 0
github.com/lodestar-cli/lodestar/internal/common/remote/repository.go:58.24,60.18 2 0
github.com/lodestar-cli/lodestar/internal/common/remote/repository.go:64.4,65.18 2 0
github.com/lodestar-cli/lodestar/internal/common/remote/repository.go:69.4,70.18 2 0
github.com/lodestar-cli/lodestar/internal/common/remote/repository.go:74.4,75.18 2 0
github.com/lodestar-cli/lodestar/internal/common/remote/repository.go:78.22,80.18 2 0
github.com/lodestar-cli/lodestar/internal/common/remote/repository.go:84.4,85.18 2 0
github.com/lodestar-cli/lodestar/internal/common/remote/repository.go:89.4,90.18 2 0
github.com/lodestar-cli/lodestar/internal/common/remote/repository.go:94.4,95.18 2 0
github.com/lodestar-cli/lodestar/internal/common/remote/repository.go:60.18,62.5 1 0
github.com/lodestar-cli/lodestar/internal/common/remote/repository.go:65.18,67.5 1 0
github.com/lodestar-cli/lodestar/internal/common/remote/repository.go:70.18,72.5 1 0
github.com/lodestar-cli/lodestar/internal/common/remote/repository.go:75.18,77.5 1 0
github.com/lodestar-cli/lodestar/internal/common/remote/repository.go:80.18,82.5 1 0
github.com/lodestar-cli/lodestar/internal/common/remote/repository.go:85.18,87.5 1 0
github.com/lodestar-cli/lodestar/internal/common/remote/repository.go:90.18,92.5 1 0
github.com/lodestar-cli/lodestar/internal/common/remote/repository.go:95.18,97.5 1 0
github.com/lodestar-cli/lodestar/internal/common/remote/repository.go:102.16,104.3 1 0
github.com/lodestar-cli/lodestar/internal/common/remote/repository.go:106.16,108.3 1 0
github.com/lodestar-cli/lodestar/internal/common/remote/repository.go:113.43,115.16 2 0
github.com/lodestar-cli/lodestar/internal/common/remote/repository.go:119.2,120.16 2 0
github.com/lodestar-cli/lodestar/internal/common/remote/repository.go:124.2,124.12 1 0
github.com/lodestar-cli/lodestar/internal/common/remote/repository.go:115.16,117.3 1 0
github.com/lodestar-cli/lodestar/internal/common/remote/repository.go:120.16,122.3 1 0
github.com/lodestar-cli/lodestar/internal/common/remote/repository.go:128.52,130.16 2 1
github.com/lodestar-cli/lodestar/internal/common/remote/repository.go:134.2,135.16 2 1
github.com/lodestar-cli/lodestar/internal/common/remote/repository.go:139.2,139.12 1 1
github.com/lodestar-cli/lodestar/internal/common/remote/repository.go:130.16,132.3 1 0
github.com/lodestar-cli/lodestar/internal/common/remote/repository.go:135.16,137.3 1 1
github.com/lodestar-cli/lodestar/internal/common/remote/repository.go:142.50,146.16 3 1
github.com/lodestar-cli/lodestar/internal/common/remote/repository.go:150.2,150.12 1 1
github.com/lodestar-cli/lodestar/internal/common/remote/repository.go:146.16,148.3 1 0
